[   17718ms] [WARNING] You have set a custom wheel sensitivity.  This will make your app zoom unnaturally when using mainstream mice.  You should change this value from the default only if you can guarantee that all your users will use the same hardware and OS configuration as your current machine. @ https://unpkg.com/cytoscape@3.30.2/dist/cytoscape.min.js:22
[  944465ms] [ERROR] Failed to load resource: net::ERR_HTTP2_PROTOCOL_ERROR @ https://factory-console-software-factory-as-skill.up.railway.app/api/chat/run-84fa2d86/stream:0
[ 1847518ms] [ERROR] Failed to load resource: net::ERR_HTTP2_PROTOCOL_ERROR @ https://factory-console-software-factory-as-skill.up.railway.app/api/chat/run-84fa2d86/stream:0
[ 2750563ms] [ERROR] Failed to load resource: net::ERR_HTTP2_PROTOCOL_ERROR @ https://factory-console-software-factory-as-skill.up.railway.app/api/chat/run-84fa2d86/stream:0
[ 3497469ms] [VERBOSE] [DOM] Password field is not contained in a form: (More info: https://goo.gl/9p2vKq) %o @ https://factory-console-software-factory-as-skill.up.railway.app/:0
[ 3497469ms] [VERBOSE] [DOM] Password field is not contained in a form: (More info: https://goo.gl/9p2vKq) %o @ https://factory-console-software-factory-as-skill.up.railway.app/:0
[ 3497469ms] [VERBOSE] [DOM] Password field is not contained in a form: (More info: https://goo.gl/9p2vKq) %o @ https://factory-console-software-factory-as-skill.up.railway.app/:0
[ 3497469ms] [VERBOSE] [DOM] Password field is not contained in a form: (More info: https://goo.gl/9p2vKq) %o @ https://factory-console-software-factory-as-skill.up.railway.app/:0
[ 3497469ms] [VERBOSE] [DOM] Password field is not contained in a form: (More info: https://goo.gl/9p2vKq) %o @ https://factory-console-software-factory-as-skill.up.railway.app/:0
[ 3497469ms] [VERBOSE] [DOM] Password field is not contained in a form: (More info: https://goo.gl/9p2vKq) %o @ https://factory-console-software-factory-as-skill.up.railway.app/:0
[ 3497469ms] [VERBOSE] [DOM] Password field is not contained in a form: (More info: https://goo.gl/9p2vKq) %o @ https://factory-console-software-factory-as-skill.up.railway.app/:0
[ 3497469ms] [VERBOSE] [DOM] Password field is not contained in a form: (More info: https://goo.gl/9p2vKq) %o @ https://factory-console-software-factory-as-skill.up.railway.app/:0
[ 3497469ms] [VERBOSE] [DOM] Password field is not contained in a form: (More info: https://goo.gl/9p2vKq) %o @ https://factory-console-software-factory-as-skill.up.railway.app/:0
[ 3497469ms] [VERBOSE] [DOM] Password field is not contained in a form: (More info: https://goo.gl/9p2vKq) %o @ https://factory-console-software-factory-as-skill.up.railway.app/:0
[ 3497469ms] [VERBOSE] [DOM] Password field is not contained in a form: (More info: https://goo.gl/9p2vKq) %o @ https://factory-console-software-factory-as-skill.up.railway.app/:0
[ 3497469ms] [VERBOSE] [DOM] Password field is not contained in a form: (More info: https://goo.gl/9p2vKq) %o @ https://factory-console-software-factory-as-skill.up.railway.app/:0
[ 3497469ms] [VERBOSE] [DOM] Password field is not contained in a form: (More info: https://goo.gl/9p2vKq) %o @ https://factory-console-software-factory-as-skill.up.railway.app/:0
[ 3497469ms] [VERBOSE] [DOM] Password field is not contained in a form: (More info: https://goo.gl/9p2vKq) %o @ https://factory-console-software-factory-as-skill.up.railway.app/:0
[ 3653606ms] [ERROR] Failed to load resource: net::ERR_HTTP2_PROTOCOL_ERROR @ https://factory-console-software-factory-as-skill.up.railway.app/api/chat/run-84fa2d86/stream:0
[ 4556650ms] [ERROR] Failed to load resource: net::ERR_HTTP2_PROTOCOL_ERROR @ https://factory-console-software-factory-as-skill.up.railway.app/api/chat/run-84fa2d86/stream:0
[ 5459686ms] [ERROR] Failed to load resource: net::ERR_HTTP2_PROTOCOL_ERROR @ https://factory-console-software-factory-as-skill.up.railway.app/api/chat/run-84fa2d86/stream:0
[ 6362729ms] [ERROR] Failed to load resource: net::ERR_HTTP2_PROTOCOL_ERROR @ https://factory-console-software-factory-as-skill.up.railway.app/api/chat/run-84fa2d86/stream:0
[ 7265769ms] [ERROR] Failed to load resource: net::ERR_HTTP2_PROTOCOL_ERROR @ https://factory-console-software-factory-as-skill.up.railway.app/api/chat/run-84fa2d86/stream:0
[ 8168815ms] [ERROR] Failed to load resource: net::ERR_HTTP2_PROTOCOL_ERROR @ https://factory-console-software-factory-as-skill.up.railway.app/api/chat/run-84fa2d86/stream:0
[ 9071856ms] [ERROR] Failed to load resource: net::ERR_HTTP2_PROTOCOL_ERROR @ https://factory-console-software-factory-as-skill.up.railway.app/api/chat/run-84fa2d86/stream:0
[ 9974901ms] [ERROR] Failed to load resource: net::ERR_HTTP2_PROTOCOL_ERROR @ https://factory-console-software-factory-as-skill.up.railway.app/api/chat/run-84fa2d86/stream:0
[10877936ms] [ERROR] Failed to load resource: net::ERR_HTTP2_PROTOCOL_ERROR @ https://factory-console-software-factory-as-skill.up.railway.app/api/chat/run-84fa2d86/stream:0
[11780982ms] [ERROR] Failed to load resource: net::ERR_HTTP2_PROTOCOL_ERROR @ https://factory-console-software-factory-as-skill.up.railway.app/api/chat/run-84fa2d86/stream:0
[12684026ms] [ERROR] Failed to load resource: net::ERR_HTTP2_PROTOCOL_ERROR @ https://factory-console-software-factory-as-skill.up.railway.app/api/chat/run-84fa2d86/stream:0
[13587065ms] [ERROR] Failed to load resource: net::ERR_HTTP2_PROTOCOL_ERROR @ https://factory-console-software-factory-as-skill.up.railway.app/api/chat/run-84fa2d86/stream:0
[14490103ms] [ERROR] Failed to load resource: net::ERR_HTTP2_PROTOCOL_ERROR @ https://factory-console-software-factory-as-skill.up.railway.app/api/chat/run-84fa2d86/stream:0
[15393143ms] [ERROR] Failed to load resource: net::ERR_HTTP2_PROTOCOL_ERROR @ https://factory-console-software-factory-as-skill.up.railway.app/api/chat/run-84fa2d86/stream:0
[16296180ms] [ERROR] Failed to load resource: net::ERR_HTTP2_PROTOCOL_ERROR @ https://factory-console-software-factory-as-skill.up.railway.app/api/chat/run-84fa2d86/stream:0
[17199222ms] [ERROR] Failed to load resource: net::ERR_HTTP2_PROTOCOL_ERROR @ https://factory-console-software-factory-as-skill.up.railway.app/api/chat/run-84fa2d86/stream:0
[18102262ms] [ERROR] Failed to load resource: net::ERR_HTTP2_PROTOCOL_ERROR @ https://factory-console-software-factory-as-skill.up.railway.app/api/chat/run-84fa2d86/stream:0
[19005304ms] [ERROR] Failed to load resource: net::ERR_HTTP2_PROTOCOL_ERROR @ https://factory-console-software-factory-as-skill.up.railway.app/api/chat/run-84fa2d86/stream:0
[19908357ms] [ERROR] Failed to load resource: net::ERR_HTTP2_PROTOCOL_ERROR @ https://factory-console-software-factory-as-skill.up.railway.app/api/chat/run-84fa2d86/stream:0
[20811408ms] [ERROR] Failed to load resource: net::ERR_HTTP2_PROTOCOL_ERROR @ https://factory-console-software-factory-as-skill.up.railway.app/api/chat/run-84fa2d86/stream:0
[21714490ms] [ERROR] Failed to load resource: net::ERR_HTTP2_PROTOCOL_ERROR @ https://factory-console-software-factory-as-skill.up.railway.app/api/chat/run-84fa2d86/stream:0
[22617532ms] [ERROR] Failed to load resource: net::ERR_HTTP2_PROTOCOL_ERROR @ https://factory-console-software-factory-as-skill.up.railway.app/api/chat/run-84fa2d86/stream:0
[23520584ms] [ERROR] Failed to load resource: net::ERR_HTTP2_PROTOCOL_ERROR @ https://factory-console-software-factory-as-skill.up.railway.app/api/chat/run-84fa2d86/stream:0
[24423621ms] [ERROR] Failed to load resource: net::ERR_HTTP2_PROTOCOL_ERROR @ https://factory-console-software-factory-as-skill.up.railway.app/api/chat/run-84fa2d86/stream:0
[24516446ms] [ERROR] Failed to load resource: net::ERR_INSUFFICIENT_RESOURCES @ https://factory-console-software-factory-as-skill.up.railway.app/api/runs/run-84fa2d86:0
[24518434ms] [ERROR] Failed to load resource: net::ERR_INSUFFICIENT_RESOURCES @ https://factory-console-software-factory-as-skill.up.railway.app/api/runs/run-84fa2d86:0
